[debug] [2022-04-10T14:08:07.591Z] ----------------------------------------------------------------------
[debug] [2022-04-10T14:08:07.598Z] Command:       C:\Program Files\nodejs\node.exe C:\Users\Hatomusain\AppData\Roaming\npm\node_modules\firebase-tools\lib\bin\firebase.js init
[debug] [2022-04-10T14:08:07.599Z] CLI Version:   10.5.0
[debug] [2022-04-10T14:08:07.599Z] Platform:      win32
[debug] [2022-04-10T14:08:07.599Z] Node Version:  v14.16.0
[debug] [2022-04-10T14:08:07.651Z] Time:          Sun Apr 10 2022 15:08:07 GMT+0100 (West Africa Standard Time)
[debug] [2022-04-10T14:08:07.652Z] ----------------------------------------------------------------------
[debug] 
[debug] [2022-04-10T14:08:07.708Z] >>> [apiv2][query] GET https://firebase-public.firebaseio.com/cli.json [none]
[debug] [2022-04-10T14:08:08.069Z] > command requires scopes: ["email","openid","https://www.googleapis.com/auth/cloudplatformprojects.readonly","https://www.googleapis.com/auth/firebase","https://www.googleapis.com/auth/cloud-platform"]
[debug] [2022-04-10T14:08:08.070Z] > authorizing via signed-in user (taiwohusayn5@gmail.com)
[info] 
     ######## #### ########  ######## ########     ###     ######  ########
     ##        ##  ##     ## ##       ##     ##  ##   ##  ##       ##
     ######    ##  ########  ######   ########  #########  ######  ######
     ##        ##  ##    ##  ##       ##     ## ##     ##       ## ##
     ##       #### ##     ## ######## ########  ##     ##  ######  ########

You're about to initialize a Firebase project in this directory:

  C:\Users\Hatomusain\Desktop\Desktop_Icons\handsome

[debug] [2022-04-10T14:08:16.926Z] <<< [apiv2][status] GET https://firebase-public.firebaseio.com/cli.json 200
[debug] [2022-04-10T14:08:16.927Z] <<< [apiv2][body] GET https://firebase-public.firebaseio.com/cli.json {"cloudBuildErrorAfter":1594252800000,"cloudBuildWarnAfter":1590019200000,"defaultNode10After":1594252800000,"minVersion":"3.0.5","node8DeploysDisabledAfter":1613390400000,"node8RuntimeDisabledAfter":1615809600000,"node8WarnAfter":1600128000000}
